TN:
SF:/Users/max/dev/Pillar/BCX/bcx-pubsub/pillar-bcx-pubsub/src/housekeeper.js
FN:13,(anonymous_0)
FN:25,(anonymous_1)
FN:26,(anonymous_2)
FN:29,(anonymous_3)
FN:32,(anonymous_4)
FN:34,(anonymous_5)
FN:36,(anonymous_6)
FN:38,(anonymous_7)
FN:40,(anonymous_8)
FN:41,(anonymous_9)
FN:42,(anonymous_10)
FN:43,(anonymous_11)
FN:44,(anonymous_12)
FN:49,(anonymous_13)
FN:50,(anonymous_14)
FN:53,(anonymous_15)
FN:57,(anonymous_16)
FN:58,(anonymous_17)
FN:60,(anonymous_18)
FN:70,(anonymous_19)
FN:73,(anonymous_20)
FN:75,(anonymous_21)
FN:79,(anonymous_22)
FN:83,(anonymous_23)
FN:87,(anonymous_24)
FN:91,(anonymous_25)
FN:95,(anonymous_26)
FN:105,(anonymous_27)
FN:108,(anonymous_28)
FN:112,(anonymous_29)
FN:116,(anonymous_30)
FN:117,(anonymous_31)
FN:119,(anonymous_32)
FN:129,(anonymous_33)
FN:132,(anonymous_34)
FN:133,(anonymous_35)
FN:134,(anonymous_36)
FN:140,(anonymous_37)
FN:141,(anonymous_38)
FN:144,(anonymous_39)
FN:147,(anonymous_40)
FN:150,(anonymous_41)
FN:155,(anonymous_42)
FN:159,(anonymous_43)
FN:167,(anonymous_44)
FN:168,(anonymous_45)
FN:177,(anonymous_46)
FN:179,(anonymous_47)
FN:182,(anonymous_48)
FN:184,(anonymous_49)
FN:186,(anonymous_50)
FN:189,(anonymous_51)
FN:191,(anonymous_52)
FN:193,(anonymous_53)
FN:195,(anonymous_54)
FN:197,(anonymous_55)
FN:203,(anonymous_56)
FN:204,(anonymous_57)
FN:210,(anonymous_58)
FN:221,(anonymous_59)
FN:222,(anonymous_60)
FN:231,(anonymous_61)
FN:233,(anonymous_62)
FN:235,(anonymous_63)
FN:238,(anonymous_64)
FN:241,(anonymous_65)
FN:243,(anonymous_66)
FN:245,(anonymous_67)
FN:247,(anonymous_68)
FN:253,(anonymous_69)
FN:254,(anonymous_70)
FN:263,(anonymous_71)
FN:267,(anonymous_72)
FN:271,(anonymous_73)
FN:286,(anonymous_74)
FN:296,(anonymous_75)
FN:305,(anonymous_76)
FN:309,(anonymous_77)
FN:313,(anonymous_78)
FN:324,(anonymous_79)
FN:325,(anonymous_80)
FN:328,(anonymous_81)
FN:331,(anonymous_82)
FN:334,(anonymous_83)
FN:339,(anonymous_84)
FN:341,(anonymous_85)
FN:343,(anonymous_86)
FN:348,(anonymous_87)
FN:350,(anonymous_88)
FN:352,(anonymous_89)
FN:353,(anonymous_90)
FN:359,(anonymous_91)
FN:361,(anonymous_92)
FN:367,(anonymous_93)
FN:378,(anonymous_94)
FN:385,(anonymous_95)
FNF:96
FNH:62
FNDA:0,(anonymous_0)
FNDA:2,(anonymous_1)
FNDA:2,(anonymous_2)
FNDA:2,(anonymous_3)
FNDA:2,(anonymous_4)
FNDA:2,(anonymous_5)
FNDA:2,(anonymous_6)
FNDA:2,(anonymous_7)
FNDA:0,(anonymous_8)
FNDA:0,(anonymous_9)
FNDA:0,(anonymous_10)
FNDA:0,(anonymous_11)
FNDA:0,(anonymous_12)
FNDA:1,(anonymous_13)
FNDA:1,(anonymous_14)
FNDA:1,(anonymous_15)
FNDA:1,(anonymous_16)
FNDA:1,(anonymous_17)
FNDA:1,(anonymous_18)
FNDA:1,(anonymous_19)
FNDA:1,(anonymous_20)
FNDA:1,(anonymous_21)
FNDA:0,(anonymous_22)
FNDA:0,(anonymous_23)
FNDA:0,(anonymous_24)
FNDA:0,(anonymous_25)
FNDA:0,(anonymous_26)
FNDA:2,(anonymous_27)
FNDA:2,(anonymous_28)
FNDA:2,(anonymous_29)
FNDA:2,(anonymous_30)
FNDA:16,(anonymous_31)
FNDA:1,(anonymous_32)
FNDA:2,(anonymous_33)
FNDA:0,(anonymous_34)
FNDA:0,(anonymous_35)
FNDA:0,(anonymous_36)
FNDA:2,(anonymous_37)
FNDA:2,(anonymous_38)
FNDA:2,(anonymous_39)
FNDA:2,(anonymous_40)
FNDA:1,(anonymous_41)
FNDA:1,(anonymous_42)
FNDA:0,(anonymous_43)
FNDA:4,(anonymous_44)
FNDA:4,(anonymous_45)
FNDA:3,(anonymous_46)
FNDA:3,(anonymous_47)
FNDA:3,(anonymous_48)
FNDA:2,(anonymous_49)
FNDA:2,(anonymous_50)
FNDA:0,(anonymous_51)
FNDA:1,(anonymous_52)
FNDA:0,(anonymous_53)
FNDA:0,(anonymous_54)
FNDA:0,(anonymous_55)
FNDA:17,(anonymous_56)
FNDA:17,(anonymous_57)
FNDA:16,(anonymous_58)
FNDA:4,(anonymous_59)
FNDA:4,(anonymous_60)
FNDA:3,(anonymous_61)
FNDA:2,(anonymous_62)
FNDA:2,(anonymous_63)
FNDA:2,(anonymous_64)
FNDA:0,(anonymous_65)
FNDA:0,(anonymous_66)
FNDA:1,(anonymous_67)
FNDA:0,(anonymous_68)
FNDA:2,(anonymous_69)
FNDA:2,(anonymous_70)
FNDA:1,(anonymous_71)
FNDA:1,(anonymous_72)
FNDA:1,(anonymous_73)
FNDA:1,(anonymous_74)
FNDA:0,(anonymous_75)
FNDA:0,(anonymous_76)
FNDA:0,(anonymous_77)
FNDA:0,(anonymous_78)
FNDA:2,(anonymous_79)
FNDA:2,(anonymous_80)
FNDA:2,(anonymous_81)
FNDA:2,(anonymous_82)
FNDA:1,(anonymous_83)
FNDA:1,(anonymous_84)
FNDA:0,(anonymous_85)
FNDA:0,(anonymous_86)
FNDA:1,(anonymous_87)
FNDA:1,(anonymous_88)
FNDA:0,(anonymous_89)
FNDA:0,(anonymous_90)
FNDA:0,(anonymous_91)
FNDA:0,(anonymous_92)
FNDA:0,(anonymous_93)
FNDA:1,(anonymous_94)
FNDA:0,(anonymous_95)
DA:2,1
DA:3,1
DA:4,1
DA:5,1
DA:6,1
DA:7,1
DA:8,1
DA:9,1
DA:11,1
DA:13,1
DA:14,0
DA:15,0
DA:16,0
DA:17,0
DA:18,0
DA:19,0
DA:20,0
DA:25,1
DA:26,2
DA:27,2
DA:28,2
DA:31,2
DA:33,2
DA:35,2
DA:37,2
DA:39,2
DA:40,0
DA:41,0
DA:42,0
DA:43,0
DA:44,0
DA:45,0
DA:49,1
DA:50,1
DA:51,1
DA:52,1
DA:55,1
DA:56,1
DA:58,1
DA:59,1
DA:60,1
DA:61,1
DA:62,1
DA:65,1
DA:66,0
DA:69,1
DA:71,1
DA:72,1
DA:74,1
DA:76,1
DA:77,1
DA:80,0
DA:84,0
DA:88,0
DA:92,0
DA:96,0
DA:99,0
DA:105,1
DA:108,2
DA:109,2
DA:110,2
DA:111,2
DA:114,2
DA:115,2
DA:117,2
DA:118,16
DA:119,16
DA:120,1
DA:121,0
DA:124,16
DA:125,16
DA:128,2
DA:130,2
DA:131,2
DA:132,0
DA:133,0
DA:134,0
DA:135,0
DA:140,1
DA:141,2
DA:142,2
DA:143,2
DA:145,2
DA:146,2
DA:148,2
DA:149,2
DA:151,1
DA:152,1
DA:153,1
DA:156,1
DA:160,0
DA:163,0
DA:167,1
DA:168,4
DA:169,4
DA:170,4
DA:171,1
DA:173,3
DA:174,0
DA:176,3
DA:178,3
DA:180,3
DA:181,3
DA:183,3
DA:185,2
DA:187,2
DA:189,0
DA:191,1
DA:193,0
DA:195,0
DA:197,0
DA:199,0
DA:203,1
DA:204,17
DA:205,17
DA:206,17
DA:207,1
DA:209,16
DA:211,16
DA:212,7
DA:214,16
DA:217,0
DA:221,1
DA:222,4
DA:223,4
DA:224,4
DA:225,1
DA:227,3
DA:228,0
DA:230,3
DA:232,3
DA:234,2
DA:236,2
DA:237,2
DA:239,2
DA:241,0
DA:243,0
DA:245,1
DA:247,0
DA:249,0
DA:253,1
DA:254,2
DA:255,2
DA:256,2
DA:257,1
DA:259,1
DA:261,1
DA:262,1
DA:264,1
DA:266,1
DA:268,1
DA:270,1
DA:272,1
DA:274,1
DA:275,1
DA:276,1
DA:277,1
DA:278,1
DA:285,1
DA:287,1
DA:290,1
DA:294,1
DA:296,0
DA:298,0
DA:299,0
DA:302,0
DA:306,0
DA:310,0
DA:314,0
DA:317,0
DA:320,0
DA:324,1
DA:325,2
DA:326,2
DA:327,2
DA:329,2
DA:330,2
DA:332,2
DA:333,2
DA:335,1
DA:336,1
DA:337,1
DA:339,1
DA:341,0
DA:343,0
DA:344,0
DA:348,1
DA:350,1
DA:351,1
DA:352,1
DA:354,0
DA:355,0
DA:358,0
DA:360,0
DA:368,0
DA:369,0
DA:371,1
DA:372,0
DA:374,1
DA:377,1
DA:379,1
DA:380,1
DA:381,1
DA:382,1
DA:385,0
LF:205
LH:146
BRDA:16,0,0,0
BRDA:16,0,1,0
BRDA:61,1,0,1
BRDA:61,1,1,0
BRDA:65,2,0,0
BRDA:65,2,1,1
BRDA:120,3,0,0
BRDA:120,3,1,1
BRDA:124,4,0,16
BRDA:124,4,1,0
BRDA:167,5,0,1
BRDA:167,6,0,2
BRDA:170,7,0,1
BRDA:170,7,1,3
BRDA:173,8,0,0
BRDA:173,8,1,3
BRDA:203,9,0,1
BRDA:206,10,0,1
BRDA:206,10,1,16
BRDA:211,11,0,7
BRDA:211,11,1,9
BRDA:221,12,0,1
BRDA:224,13,0,1
BRDA:224,13,1,3
BRDA:227,14,0,0
BRDA:227,14,1,3
BRDA:256,15,0,1
BRDA:256,15,1,1
BRDA:274,16,0,1
BRDA:274,16,1,0
BRDA:274,17,0,1
BRDA:274,17,1,1
BRDA:274,17,2,1
BRDA:276,18,0,1
BRDA:276,18,1,0
BRDA:276,19,0,1
BRDA:276,19,1,1
BRDA:276,19,2,1
BRDA:354,20,0,0
BRDA:354,20,1,0
BRF:40
BRH:28
end_of_record
TN:
SF:/Users/max/dev/Pillar/BCX/bcx-pubsub/pillar-bcx-pubsub/src/master.js
FN:32,(anonymous_0)
FN:62,(anonymous_1)
FN:72,(anonymous_2)
FN:82,(anonymous_3)
FN:90,(anonymous_4)
FN:96,(anonymous_5)
FN:114,(anonymous_6)
FN:122,(anonymous_7)
FN:137,(anonymous_8)
FN:156,(anonymous_9)
FN:161,(anonymous_10)
FN:184,(anonymous_11)
FN:192,(anonymous_12)
FNF:13
FNH:4
FNDA:5,(anonymous_0)
FNDA:1,(anonymous_1)
FNDA:0,(anonymous_2)
FNDA:0,(anonymous_3)
FNDA:0,(anonymous_4)
FNDA:0,(anonymous_5)
FNDA:0,(anonymous_6)
FNDA:0,(anonymous_7)
FNDA:0,(anonymous_8)
FNDA:1,(anonymous_9)
FNDA:1,(anonymous_10)
FNDA:0,(anonymous_11)
FNDA:0,(anonymous_12)
DA:5,3
DA:6,3
DA:7,3
DA:9,3
DA:17,3
DA:19,3
DA:21,3
DA:24,3
DA:25,3
DA:27,3
DA:28,3
DA:29,3
DA:30,3
DA:32,3
DA:33,5
DA:34,5
DA:36,5
DA:37,2
DA:39,5
DA:48,5
DA:49,4
DA:51,1
DA:52,1
DA:54,1
DA:56,4
DA:58,5
DA:62,3
DA:63,1
DA:64,1
DA:66,1
DA:67,1
DA:68,1
DA:69,1
DA:72,1
DA:73,0
DA:75,0
DA:76,0
DA:77,0
DA:82,0
DA:83,0
DA:84,0
DA:85,0
DA:90,0
DA:91,0
DA:92,0
DA:94,0
DA:95,0
DA:97,0
DA:98,0
DA:101,0
DA:102,0
DA:103,0
DA:105,0
DA:107,0
DA:108,0
DA:110,0
DA:114,0
DA:115,0
DA:117,0
DA:118,0
DA:119,0
DA:121,0
DA:122,0
DA:123,0
DA:124,0
DA:126,0
DA:127,0
DA:128,0
DA:129,0
DA:130,0
DA:137,0
DA:138,0
DA:140,0
DA:142,0
DA:143,0
DA:147,0
DA:150,1
DA:152,1
DA:156,3
DA:157,1
DA:158,1
DA:161,1
DA:162,1
DA:163,1
DA:164,1
DA:165,1
DA:166,0
DA:167,0
DA:168,0
DA:169,0
DA:170,0
DA:171,0
DA:172,0
DA:173,0
DA:174,0
DA:175,0
DA:177,0
DA:181,1
DA:182,0
DA:183,0
DA:184,0
DA:185,0
DA:186,0
DA:193,0
DA:196,0
DA:198,1
DA:201,3
LF:107
LH:47
BRDA:36,0,0,2
BRDA:36,0,1,3
BRDA:48,1,0,4
BRDA:48,1,1,1
BRDA:48,2,0,5
BRDA:48,2,1,2
BRDA:75,3,0,0
BRDA:75,3,1,0
BRDA:83,4,0,0
BRDA:83,4,1,0
BRDA:92,5,0,0
BRDA:92,5,1,0
BRDA:101,6,0,0
BRDA:101,6,1,0
BRDA:107,7,0,0
BRDA:107,7,1,0
BRDA:117,8,0,0
BRDA:117,8,1,0
BRDA:123,9,0,0
BRDA:123,9,1,0
BRDA:127,10,0,0
BRDA:127,10,1,0
BRDA:140,11,0,0
BRDA:140,11,1,0
BRDA:163,12,0,1
BRDA:163,12,1,0
BRDA:173,13,0,0
BRDA:173,13,1,0
BRDA:181,14,0,0
BRDA:181,14,1,1
BRDA:185,15,0,0
BRDA:185,15,1,0
BRF:32
BRH:8
end_of_record
TN:
SF:/Users/max/dev/Pillar/BCX/bcx-pubsub/pillar-bcx-pubsub/src/publisher.js
FN:15,(anonymous_0)
FN:36,(anonymous_1)
FN:37,(anonymous_2)
FN:49,(anonymous_3)
FN:52,(anonymous_4)
FN:58,(anonymous_5)
FN:72,(anonymous_6)
FN:81,(anonymous_7)
FN:82,(anonymous_8)
FN:86,(anonymous_9)
FN:89,(anonymous_10)
FN:95,(anonymous_11)
FN:100,(anonymous_12)
FNF:13
FNH:7
FNDA:0,(anonymous_0)
FNDA:2,(anonymous_1)
FNDA:2,(anonymous_2)
FNDA:0,(anonymous_3)
FNDA:0,(anonymous_4)
FNDA:0,(anonymous_5)
FNDA:1,(anonymous_6)
FNDA:1,(anonymous_7)
FNDA:1,(anonymous_8)
FNDA:1,(anonymous_9)
FNDA:1,(anonymous_10)
FNDA:0,(anonymous_11)
FNDA:0,(anonymous_12)
DA:5,1
DA:6,1
DA:7,1
DA:8,1
DA:9,1
DA:10,1
DA:11,1
DA:13,1
DA:15,1
DA:16,0
DA:17,0
DA:18,0
DA:19,0
DA:20,0
DA:21,0
DA:22,0
DA:23,0
DA:25,0
DA:27,0
DA:28,0
DA:29,0
DA:30,0
DA:31,0
DA:36,1
DA:37,2
DA:38,2
DA:39,2
DA:41,2
DA:43,2
DA:48,2
DA:49,2
DA:50,0
DA:51,0
DA:53,0
DA:57,2
DA:58,2
DA:59,0
DA:62,0
DA:64,0
DA:66,2
DA:67,2
DA:72,1
DA:74,1
DA:81,1
DA:82,1
DA:83,1
DA:85,1
DA:88,1
DA:91,1
DA:92,1
DA:93,1
DA:96,0
DA:97,0
DA:101,0
DA:102,0
DA:104,0
DA:108,1
LF:57
LH:32
BRDA:18,0,0,0
BRDA:18,0,1,0
BRDA:25,1,0,0
BRDA:25,1,1,0
BRF:4
BRH:0
end_of_record
TN:
SF:/Users/max/dev/Pillar/BCX/bcx-pubsub/pillar-bcx-pubsub/src/subscriber.js
FN:8,(anonymous_0)
FN:9,(anonymous_1)
FN:11,(anonymous_2)
FN:16,(anonymous_3)
FNF:4
FNH:3
FNDA:2,(anonymous_0)
FNDA:2,(anonymous_1)
FNDA:2,(anonymous_2)
FNDA:0,(anonymous_3)
DA:2,1
DA:3,1
DA:4,1
DA:5,1
DA:8,1
DA:9,2
DA:10,2
DA:12,2
DA:13,2
DA:14,2
DA:17,0
DA:18,0
DA:24,1
LF:13
LH:11
BRF:0
BRH:0
end_of_record
TN:
SF:/Users/max/dev/Pillar/BCX/bcx-pubsub/pillar-bcx-pubsub/src/controllers/accounts_ctrl.js
FN:7,listAll
FN:8,(anonymous_1)
FN:10,(anonymous_2)
FN:22,listRecent
FN:23,(anonymous_4)
FN:28,(anonymous_5)
FN:42,findByAddress
FN:43,(anonymous_7)
FN:45,(anonymous_8)
FN:57,findByWalletId
FN:58,(anonymous_10)
FN:60,(anonymous_11)
FN:72,addAddress
FN:73,(anonymous_13)
FN:77,(anonymous_14)
FN:90,removeAddress
FN:91,(anonymous_16)
FN:93,(anonymous_17)
FN:138,emptyCollection
FN:139,(anonymous_19)
FN:141,(anonymous_20)
FNF:21
FNH:15
FNDA:1,listAll
FNDA:1,(anonymous_1)
FNDA:1,(anonymous_2)
FNDA:0,listRecent
FNDA:0,(anonymous_4)
FNDA:0,(anonymous_5)
FNDA:1,findByAddress
FNDA:1,(anonymous_7)
FNDA:1,(anonymous_8)
FNDA:1,findByWalletId
FNDA:1,(anonymous_10)
FNDA:1,(anonymous_11)
FNDA:0,addAddress
FNDA:0,(anonymous_13)
FNDA:0,(anonymous_14)
FNDA:1,removeAddress
FNDA:1,(anonymous_16)
FNDA:1,(anonymous_17)
FNDA:1,emptyCollection
FNDA:1,(anonymous_19)
FNDA:1,(anonymous_20)
DA:2,2
DA:4,2
DA:5,2
DA:8,1
DA:9,1
DA:10,1
DA:11,1
DA:12,0
DA:13,0
DA:15,1
DA:17,0
DA:20,2
DA:23,0
DA:24,0
DA:25,0
DA:26,0
DA:28,0
DA:29,0
DA:30,0
DA:31,0
DA:33,0
DA:36,0
DA:37,0
DA:40,2
DA:43,1
DA:44,1
DA:45,1
DA:46,1
DA:47,0
DA:48,0
DA:50,1
DA:52,0
DA:55,2
DA:58,1
DA:59,1
DA:60,1
DA:61,1
DA:62,0
DA:63,0
DA:65,1
DA:67,0
DA:70,2
DA:73,0
DA:74,0
DA:76,0
DA:77,0
DA:78,0
DA:79,0
DA:80,0
DA:82,0
DA:84,0
DA:87,2
DA:91,1
DA:92,1
DA:93,1
DA:94,1
DA:95,0
DA:96,0
DA:98,1
DA:99,1
DA:101,0
DA:104,2
DA:139,1
DA:140,1
DA:141,1
DA:142,1
DA:143,0
DA:144,0
DA:146,1
DA:147,1
DA:149,0
DA:152,2
LF:72
LH:37
BRDA:11,0,0,0
BRDA:11,0,1,1
BRDA:29,1,0,0
BRDA:29,1,1,0
BRDA:46,2,0,0
BRDA:46,2,1,1
BRDA:61,3,0,0
BRDA:61,3,1,1
BRDA:78,4,0,0
BRDA:78,4,1,0
BRDA:94,5,0,0
BRDA:94,5,1,1
BRDA:142,6,0,0
BRDA:142,6,1,1
BRF:14
BRH:5
end_of_record
TN:
SF:/Users/max/dev/Pillar/BCX/bcx-pubsub/pillar-bcx-pubsub/src/controllers/assets_ctrl.js
FN:5,listAll
FN:6,(anonymous_1)
FN:8,(anonymous_2)
FN:21,listRecent
FN:22,(anonymous_4)
FN:28,(anonymous_5)
FN:43,addContract
FN:44,(anonymous_7)
FN:46,(anonymous_8)
FN:49,(anonymous_9)
FN:62,(anonymous_10)
FN:68,emptyCollection
FN:69,(anonymous_12)
FN:71,(anonymous_13)
FN:81,findByAddress
FN:82,(anonymous_15)
FN:84,(anonymous_16)
FN:96,findByTicker
FN:97,(anonymous_18)
FN:99,(anonymous_19)
FN:111,addZeroSmartContractsCreationHistoryHeight
FN:112,(anonymous_21)
FN:118,(anonymous_22)
FN:130,updateERC20SmartContractsHistoryHeight
FN:131,(anonymous_24)
FN:133,(anonymous_25)
FN:146,findERC20SmartContractsHistoryHeight
FN:147,(anonymous_27)
FN:149,(anonymous_28)
FNF:29
FNH:17
FNDA:1,listAll
FNDA:1,(anonymous_1)
FNDA:1,(anonymous_2)
FNDA:0,listRecent
FNDA:0,(anonymous_4)
FNDA:0,(anonymous_5)
FNDA:0,addContract
FNDA:0,(anonymous_7)
FNDA:0,(anonymous_8)
FNDA:0,(anonymous_9)
FNDA:0,(anonymous_10)
FNDA:1,emptyCollection
FNDA:1,(anonymous_12)
FNDA:0,(anonymous_13)
FNDA:1,findByAddress
FNDA:1,(anonymous_15)
FNDA:1,(anonymous_16)
FNDA:1,findByTicker
FNDA:1,(anonymous_18)
FNDA:1,(anonymous_19)
FNDA:0,addZeroSmartContractsCreationHistoryHeight
FNDA:0,(anonymous_21)
FNDA:0,(anonymous_22)
FNDA:1,updateERC20SmartContractsHistoryHeight
FNDA:1,(anonymous_24)
FNDA:1,(anonymous_25)
FNDA:1,findERC20SmartContractsHistoryHeight
FNDA:1,(anonymous_27)
FNDA:1,(anonymous_28)
DA:1,2
DA:2,2
DA:3,2
DA:6,1
DA:7,1
DA:8,1
DA:9,1
DA:10,0
DA:11,0
DA:14,1
DA:16,0
DA:19,2
DA:22,0
DA:23,0
DA:24,0
DA:25,0
DA:28,0
DA:29,0
DA:30,0
DA:31,0
DA:33,0
DA:36,0
DA:37,0
DA:41,2
DA:44,0
DA:45,0
DA:46,0
DA:47,0
DA:48,0
DA:49,0
DA:50,0
DA:51,0
DA:52,0
DA:54,0
DA:55,0
DA:58,0
DA:59,0
DA:62,0
DA:63,0
DA:66,2
DA:69,1
DA:70,1
DA:71,1
DA:72,0
DA:73,0
DA:74,0
DA:76,0
DA:79,2
DA:82,1
DA:83,1
DA:84,1
DA:85,1
DA:86,0
DA:87,0
DA:89,1
DA:91,0
DA:94,2
DA:97,1
DA:98,1
DA:99,1
DA:100,1
DA:101,0
DA:102,0
DA:104,1
DA:106,0
DA:109,2
DA:112,0
DA:113,0
DA:114,0
DA:115,0
DA:118,0
DA:119,0
DA:120,0
DA:121,0
DA:123,0
DA:125,0
DA:128,2
DA:131,1
DA:132,1
DA:133,1
DA:134,1
DA:135,0
DA:136,0
DA:139,1
DA:141,0
DA:144,2
DA:147,1
DA:148,1
DA:149,1
DA:150,1
DA:151,0
DA:152,0
DA:154,1
DA:155,1
DA:157,0
DA:160,0
DA:163,2
LF:97
LH:41
BRDA:9,0,0,0
BRDA:9,0,1,1
BRDA:29,1,0,0
BRDA:29,1,1,0
BRDA:47,2,0,0
BRDA:47,2,1,0
BRDA:50,3,0,0
BRDA:50,3,1,0
BRDA:72,4,0,0
BRDA:72,4,1,0
BRDA:85,5,0,0
BRDA:85,5,1,1
BRDA:100,6,0,0
BRDA:100,6,1,1
BRDA:119,7,0,0
BRDA:119,7,1,0
BRDA:134,8,0,0
BRDA:134,8,1,1
BRDA:150,9,0,0
BRDA:150,9,1,1
BRDA:154,10,0,1
BRDA:154,10,1,0
BRF:22
BRH:6
end_of_record
TN:
SF:/Users/max/dev/Pillar/BCX/bcx-pubsub/pillar-bcx-pubsub/src/controllers/transactions_ctrl.js
FN:4,listAll
FN:5,(anonymous_1)
FN:7,(anonymous_2)
FN:19,listPending
FN:20,(anonymous_4)
FN:22,(anonymous_5)
FN:34,listHistory
FN:35,(anonymous_7)
FN:37,(anonymous_8)
FN:49,listDbZeroConfTx
FN:50,(anonymous_10)
FN:52,(anonymous_11)
FN:64,findById
FN:65,(anonymous_13)
FN:67,(anonymous_14)
FN:79,findByTxHash
FN:80,(anonymous_16)
FN:82,(anonymous_17)
FN:94,addTx
FN:95,(anonymous_19)
FN:98,(anonymous_20)
FN:110,updateTx
FN:111,(anonymous_22)
FN:113,(anonymous_23)
FN:114,(anonymous_24)
FN:118,(anonymous_25)
FN:133,txFailed
FN:134,(anonymous_27)
FN:139,(anonymous_28)
FN:152,emptyCollection
FN:153,(anonymous_30)
FN:155,(anonymous_31)
FN:168,addZeroTxHistoryHeight
FN:169,(anonymous_33)
FN:174,(anonymous_34)
FN:186,updateTxHistoryHeight
FN:187,(anonymous_36)
FN:189,(anonymous_37)
FN:201,findTxHistoryHeight
FN:202,(anonymous_39)
FN:204,(anonymous_40)
FN:220,getBalance
FN:221,(anonymous_42)
FN:239,(anonymous_43)
FN:266,(anonymous_44)
FN:281,getTxHistory
FN:282,(anonymous_46)
FN:289,(anonymous_47)
FN:295,(anonymous_48)
FN:303,(anonymous_49)
FN:310,(anonymous_50)
FN:316,(anonymous_51)
FN:324,(anonymous_52)
FN:332,(anonymous_53)
FN:338,(anonymous_54)
FN:346,(anonymous_55)
FN:355,(anonymous_56)
FN:363,(anonymous_57)
FN:370,(anonymous_58)
FNF:59
FNH:36
FNDA:1,listAll
FNDA:1,(anonymous_1)
FNDA:1,(anonymous_2)
FNDA:2,listPending
FNDA:2,(anonymous_4)
FNDA:2,(anonymous_5)
FNDA:0,listHistory
FNDA:0,(anonymous_7)
FNDA:0,(anonymous_8)
FNDA:1,listDbZeroConfTx
FNDA:1,(anonymous_10)
FNDA:1,(anonymous_11)
FNDA:1,findById
FNDA:1,(anonymous_13)
FNDA:1,(anonymous_14)
FNDA:2,findByTxHash
FNDA:2,(anonymous_16)
FNDA:2,(anonymous_17)
FNDA:0,addTx
FNDA:0,(anonymous_19)
FNDA:0,(anonymous_20)
FNDA:1,updateTx
FNDA:1,(anonymous_22)
FNDA:1,(anonymous_23)
FNDA:1,(anonymous_24)
FNDA:0,(anonymous_25)
FNDA:1,txFailed
FNDA:1,(anonymous_27)
FNDA:0,(anonymous_28)
FNDA:1,emptyCollection
FNDA:1,(anonymous_30)
FNDA:0,(anonymous_31)
FNDA:0,addZeroTxHistoryHeight
FNDA:0,(anonymous_33)
FNDA:0,(anonymous_34)
FNDA:1,updateTxHistoryHeight
FNDA:1,(anonymous_36)
FNDA:0,(anonymous_37)
FNDA:1,findTxHistoryHeight
FNDA:1,(anonymous_39)
FNDA:1,(anonymous_40)
FNDA:0,getBalance
FNDA:0,(anonymous_42)
FNDA:0,(anonymous_43)
FNDA:0,(anonymous_44)
FNDA:4,getTxHistory
FNDA:4,(anonymous_46)
FNDA:0,(anonymous_47)
FNDA:0,(anonymous_48)
FNDA:0,(anonymous_49)
FNDA:0,(anonymous_50)
FNDA:0,(anonymous_51)
FNDA:0,(anonymous_52)
FNDA:1,(anonymous_53)
FNDA:1,(anonymous_54)
FNDA:1,(anonymous_55)
FNDA:3,(anonymous_56)
FNDA:3,(anonymous_57)
FNDA:3,(anonymous_58)
DA:1,2
DA:2,2
DA:5,1
DA:6,1
DA:7,1
DA:8,1
DA:9,0
DA:10,0
DA:12,1
DA:14,0
DA:17,2
DA:20,2
DA:21,2
DA:22,2
DA:23,2
DA:24,0
DA:25,0
DA:27,2
DA:29,0
DA:32,2
DA:35,0
DA:36,0
DA:37,0
DA:38,0
DA:39,0
DA:40,0
DA:42,0
DA:44,0
DA:47,2
DA:50,1
DA:51,1
DA:52,1
DA:53,1
DA:54,0
DA:55,0
DA:57,1
DA:59,0
DA:62,2
DA:65,1
DA:66,1
DA:67,1
DA:68,1
DA:69,0
DA:70,0
DA:72,1
DA:74,0
DA:77,2
DA:80,2
DA:81,2
DA:82,2
DA:83,2
DA:84,0
DA:85,0
DA:87,2
DA:89,0
DA:92,2
DA:95,0
DA:96,0
DA:97,0
DA:98,0
DA:99,0
DA:100,0
DA:101,0
DA:103,0
DA:105,0
DA:108,2
DA:111,1
DA:112,1
DA:113,1
DA:114,1
DA:115,1
DA:119,0
DA:120,0
DA:121,0
DA:126,1
DA:128,0
DA:131,2
DA:134,1
DA:135,1
DA:136,1
DA:140,0
DA:141,0
DA:142,0
DA:144,0
DA:147,0
DA:150,2
DA:153,1
DA:154,1
DA:155,1
DA:156,0
DA:157,0
DA:158,0
DA:160,0
DA:161,0
DA:163,0
DA:166,2
DA:169,0
DA:170,0
DA:171,0
DA:174,0
DA:175,0
DA:176,0
DA:177,0
DA:179,0
DA:181,0
DA:184,2
DA:187,1
DA:188,1
DA:189,1
DA:190,0
DA:191,0
DA:192,0
DA:194,0
DA:196,0
DA:199,2
DA:202,1
DA:203,1
DA:204,1
DA:205,1
DA:206,0
DA:207,0
DA:209,1
DA:210,1
DA:212,0
DA:215,0
DA:218,2
DA:221,0
DA:222,0
DA:223,0
DA:224,0
DA:225,0
DA:240,0
DA:241,0
DA:243,0
DA:244,0
DA:246,0
DA:267,0
DA:268,0
DA:270,0
DA:271,0
DA:273,0
DA:276,0
DA:279,2
DA:282,4
DA:283,4
DA:288,4
DA:289,0
DA:290,0
DA:291,0
DA:292,0
DA:294,0
DA:295,0
DA:296,0
DA:297,0
DA:298,0
DA:300,0
DA:301,0
DA:303,0
DA:304,0
DA:309,4
DA:310,0
DA:311,0
DA:312,0
DA:313,0
DA:315,0
DA:316,0
DA:317,0
DA:318,0
DA:319,0
DA:321,0
DA:322,0
DA:324,0
DA:325,0
DA:330,4
DA:331,4
DA:332,1
DA:333,1
DA:334,0
DA:335,0
DA:337,1
DA:338,1
DA:339,1
DA:340,0
DA:341,0
DA:343,1
DA:344,1
DA:346,1
DA:347,1
DA:353,3
DA:356,3
DA:357,0
DA:358,0
DA:360,3
DA:361,3
DA:364,3
DA:365,0
DA:366,0
DA:368,3
DA:369,3
DA:370,3
DA:371,3
DA:380,0
DA:383,2
LF:203
LH:87
BRDA:8,0,0,0
BRDA:8,0,1,1
BRDA:23,1,0,0
BRDA:23,1,1,2
BRDA:38,2,0,0
BRDA:38,2,1,0
BRDA:53,3,0,0
BRDA:53,3,1,1
BRDA:68,4,0,0
BRDA:68,4,1,1
BRDA:83,5,0,0
BRDA:83,5,1,2
BRDA:99,6,0,0
BRDA:99,6,1,0
BRDA:119,7,0,0
BRDA:119,7,1,0
BRDA:140,8,0,0
BRDA:140,8,1,0
BRDA:156,9,0,0
BRDA:156,9,1,0
BRDA:175,10,0,0
BRDA:175,10,1,0
BRDA:190,11,0,0
BRDA:190,11,1,0
BRDA:205,12,0,0
BRDA:205,12,1,1
BRDA:209,13,0,1
BRDA:209,13,1,0
BRDA:240,14,0,0
BRDA:240,14,1,0
BRDA:243,15,0,0
BRDA:243,15,1,0
BRDA:267,16,0,0
BRDA:267,16,1,0
BRDA:270,17,0,0
BRDA:270,17,1,0
BRDA:288,18,0,0
BRDA:288,18,1,4
BRDA:288,19,0,4
BRDA:288,19,1,0
BRDA:290,20,0,0
BRDA:290,20,1,0
BRDA:296,21,0,0
BRDA:296,21,1,0
BRDA:309,22,0,0
BRDA:309,22,1,4
BRDA:309,23,0,4
BRDA:309,23,1,0
BRDA:311,24,0,0
BRDA:311,24,1,0
BRDA:317,25,0,0
BRDA:317,25,1,0
BRDA:330,26,0,4
BRDA:330,26,1,0
BRDA:331,27,0,1
BRDA:331,27,1,3
BRDA:333,28,0,0
BRDA:333,28,1,1
BRDA:339,29,0,0
BRDA:339,29,1,1
BRDA:356,30,0,0
BRDA:356,30,1,3
BRDA:364,31,0,0
BRDA:364,31,1,3
BRF:64
BRH:18
end_of_record
TN:
SF:/Users/max/dev/Pillar/BCX/bcx-pubsub/pillar-bcx-pubsub/src/controllers/walletBackend_ctrl.js
FN:5,registerNewWallet
FN:16,(anonymous_1)
FN:83,unregisterWallet
FN:90,(anonymous_3)
FN:95,(anonymous_4)
FN:103,updatefcmiid
FNF:6
FNH:0
FNDA:0,registerNewWallet
FNDA:0,(anonymous_1)
FNDA:0,unregisterWallet
FNDA:0,(anonymous_3)
FNDA:0,(anonymous_4)
FNDA:0,updatefcmiid
DA:1,0
DA:3,0
DA:6,0
DA:7,0
DA:8,0
DA:10,0
DA:11,0
DA:14,0
DA:15,0
DA:17,0
DA:19,0
DA:81,0
DA:84,0
DA:85,0
DA:86,0
DA:88,0
DA:89,0
DA:91,0
DA:92,0
DA:94,0
DA:96,0
DA:99,0
DA:101,0
DA:104,0
DA:105,0
DA:107,0
DA:108,0
DA:111,0
DA:112,0
DA:113,0
DA:114,0
DA:116,0
LF:32
LH:0
BRDA:6,0,0,0
BRDA:6,0,1,0
BRDA:7,1,0,0
BRDA:7,1,1,0
BRDA:8,2,0,0
BRDA:8,2,1,0
BRDA:10,3,0,0
BRDA:10,3,1,0
BRDA:10,4,0,0
BRDA:10,4,1,0
BRDA:10,4,2,0
BRDA:84,5,0,0
BRDA:84,5,1,0
BRDA:85,6,0,0
BRDA:85,6,1,0
BRDA:91,7,0,0
BRDA:91,7,1,0
BRDA:104,8,0,0
BRDA:104,8,1,0
BRDA:105,9,0,0
BRDA:105,9,1,0
BRDA:107,10,0,0
BRDA:107,10,1,0
BRDA:107,11,0,0
BRDA:107,11,1,0
BRF:25
BRH:0
end_of_record
TN:
SF:/Users/max/dev/Pillar/BCX/bcx-pubsub/pillar-bcx-pubsub/src/controllers/walletClient_ctrl.js
FN:7,(anonymous_0)
FN:34,(anonymous_1)
FN:35,(anonymous_2)
FN:49,(anonymous_3)
FN:52,(anonymous_4)
FN:59,(anonymous_5)
FN:61,(anonymous_6)
FN:74,(anonymous_7)
FN:78,(anonymous_8)
FNF:9
FNH:0
FNDA:0,(anonymous_0)
FNDA:0,(anonymous_1)
FNDA:0,(anonymous_2)
FNDA:0,(anonymous_3)
FNDA:0,(anonymous_4)
FNDA:0,(anonymous_5)
FNDA:0,(anonymous_6)
FNDA:0,(anonymous_7)
FNDA:0,(anonymous_8)
DA:1,0
DA:2,0
DA:3,0
DA:4,0
DA:7,0
DA:8,0
DA:9,0
DA:10,0
DA:11,0
DA:12,0
DA:13,0
DA:14,0
DA:17,0
DA:18,0
DA:20,0
DA:22,0
DA:24,0
DA:30,0
DA:31,0
DA:34,0
DA:35,0
DA:36,0
DA:37,0
DA:38,0
DA:39,0
DA:41,0
DA:42,0
DA:44,0
DA:45,0
DA:47,0
DA:48,0
DA:50,0
DA:52,0
DA:53,0
DA:54,0
DA:58,0
DA:60,0
DA:61,0
DA:62,0
DA:63,0
DA:66,0
DA:72,0
DA:75,0
DA:79,0
DA:81,0
LF:45
LH:0
BRDA:10,0,0,0
BRDA:10,0,1,0
BRDA:11,1,0,0
BRDA:11,1,1,0
BRDA:12,2,0,0
BRDA:12,2,1,0
BRDA:13,3,0,0
BRDA:13,3,1,0
BRDA:17,4,0,0
BRDA:17,4,1,0
BRDA:41,5,0,0
BRDA:41,5,1,0
BRDA:44,6,0,0
BRDA:44,6,1,0
BRDA:53,7,0,0
BRDA:53,7,1,0
BRDA:53,8,0,0
BRDA:53,8,1,0
BRDA:53,8,2,0
BRDA:62,9,0,0
BRDA:62,9,1,0
BRF:21
BRH:0
end_of_record
TN:
SF:/Users/max/dev/Pillar/BCX/bcx-pubsub/pillar-bcx-pubsub/src/models/accounts_model.js
FNF:0
FNH:0
DA:1,2
DA:5,2
DA:22,2
DA:24,2
LF:4
LH:4
BRF:0
BRH:0
end_of_record
TN:
SF:/Users/max/dev/Pillar/BCX/bcx-pubsub/pillar-bcx-pubsub/src/models/assets_model.js
FNF:0
FNH:0
DA:1,2
DA:3,2
DA:21,2
DA:23,2
LF:4
LH:4
BRF:0
BRH:0
end_of_record
TN:
SF:/Users/max/dev/Pillar/BCX/bcx-pubsub/pillar-bcx-pubsub/src/models/transactions_model.js
FNF:0
FNH:0
DA:1,1
DA:4,1
DA:38,1
DA:40,1
LF:4
LH:4
BRF:0
BRH:0
end_of_record
TN:
SF:/Users/max/dev/Pillar/BCX/bcx-pubsub/pillar-bcx-pubsub/src/services/accounts.js
FNF:0
FNH:0
DA:1,1
DA:3,1
DA:4,1
DA:30,1
DA:32,1
DA:40,1
LF:6
LH:6
BRF:0
BRH:0
end_of_record
TN:
SF:/Users/max/dev/Pillar/BCX/bcx-pubsub/pillar-bcx-pubsub/src/services/bcx.js
FN:5,getTxInfo
FN:16,getBlockSmartContractsAddressesArray
FN:17,(anonymous_2)
FN:23,(anonymous_3)
FN:31,(anonymous_4)
FN:38,getBlockTx
FN:39,(anonymous_6)
FN:42,(anonymous_7)
FN:50,(anonymous_8)
FN:56,getBlockNumber
FN:57,(anonymous_10)
FN:60,(anonymous_11)
FN:63,(anonymous_12)
FN:69,getLastBlockNumber
FN:74,getTxReceipt
FN:79,getPendingTxArray
FN:80,(anonymous_16)
FN:83,(anonymous_17)
FN:87,(anonymous_18)
FN:93,getBalance
FN:94,(anonymous_20)
FN:98,(anonymous_21)
FN:103,(anonymous_22)
FN:118,(anonymous_23)
FNF:24
FNH:20
FNDA:1,getTxInfo
FNDA:4,getBlockSmartContractsAddressesArray
FNDA:4,(anonymous_2)
FNDA:2,(anonymous_3)
FNDA:1,(anonymous_4)
FNDA:2,getBlockTx
FNDA:2,(anonymous_6)
FNDA:2,(anonymous_7)
FNDA:0,(anonymous_8)
FNDA:1,getBlockNumber
FNDA:1,(anonymous_10)
FNDA:1,(anonymous_11)
FNDA:0,(anonymous_12)
FNDA:3,getLastBlockNumber
FNDA:2,getTxReceipt
FNDA:2,getPendingTxArray
FNDA:2,(anonymous_16)
FNDA:2,(anonymous_17)
FNDA:0,(anonymous_18)
FNDA:2,getBalance
FNDA:2,(anonymous_20)
FNDA:1,(anonymous_21)
FNDA:0,(anonymous_22)
FNDA:1,(anonymous_23)
DA:1,5
DA:2,5
DA:6,1
DA:7,1
DA:9,0
DA:10,0
DA:13,5
DA:17,4
DA:18,4
DA:19,4
DA:20,1
DA:22,3
DA:24,2
DA:25,2
DA:27,2
DA:31,1
DA:33,0
DA:36,5
DA:39,2
DA:40,2
DA:41,2
DA:44,2
DA:45,2
DA:47,0
DA:50,0
DA:51,0
DA:54,5
DA:57,1
DA:58,1
DA:59,1
DA:61,1
DA:63,0
DA:64,0
DA:67,5
DA:70,3
DA:72,5
DA:75,2
DA:77,5
DA:80,2
DA:81,2
DA:82,2
DA:85,2
DA:87,0
DA:88,0
DA:91,5
DA:94,2
DA:95,2
DA:96,2
DA:97,1
DA:99,1
DA:100,1
DA:101,1
DA:103,0
DA:105,1
DA:106,0
DA:108,1
DA:109,1
DA:110,1
DA:119,1
DA:120,1
DA:122,1
DA:124,0
DA:125,0
DA:130,0
DA:133,5
LF:65
LH:50
BRDA:19,0,0,1
BRDA:19,0,1,3
BRDA:24,1,0,2
BRDA:24,1,1,0
BRDA:44,2,0,2
BRDA:44,2,1,0
BRDA:96,3,0,1
BRDA:96,3,1,1
BRDA:105,4,0,0
BRDA:105,4,1,1
BRDA:119,5,0,1
BRDA:119,5,1,0
BRF:12
BRH:8
end_of_record
TN:
SF:/Users/max/dev/Pillar/BCX/bcx-pubsub/pillar-bcx-pubsub/src/services/dbServices.js
FN:14,dbConnect
FN:15,(anonymous_1)
FN:18,(anonymous_2)
FN:23,(anonymous_3)
FN:43,dbConnectDisplayAccounts
FN:44,(anonymous_5)
FN:47,(anonymous_6)
FN:50,(anonymous_7)
FN:52,(anonymous_8)
FN:55,(anonymous_9)
FN:57,(anonymous_10)
FN:59,(anonymous_11)
FN:65,recentAccounts
FN:70,(anonymous_13)
FN:76,(anonymous_14)
FN:84,(anonymous_15)
FN:87,(anonymous_16)
FN:97,(anonymous_17)
FN:101,(anonymous_18)
FN:104,(anonymous_19)
FN:111,contractsToMonitor
FN:115,(anonymous_21)
FN:121,(anonymous_22)
FN:124,(anonymous_23)
FN:127,(anonymous_24)
FN:130,(anonymous_25)
FN:134,(anonymous_26)
FN:137,(anonymous_27)
FN:143,initDB
FN:144,(anonymous_29)
FN:153,(anonymous_30)
FN:161,(anonymous_31)
FN:168,(anonymous_32)
FN:172,(anonymous_33)
FN:181,initDBTxHistory
FN:182,(anonymous_35)
FN:187,(anonymous_36)
FN:190,(anonymous_37)
FN:194,(anonymous_38)
FN:201,(anonymous_39)
FN:207,resetDBTxHistory
FN:208,(anonymous_41)
FN:210,(anonymous_42)
FN:212,(anonymous_43)
FN:215,(anonymous_44)
FN:217,(anonymous_45)
FN:222,initDBERC20SmartContracts
FN:223,(anonymous_47)
FN:228,(anonymous_48)
FN:231,(anonymous_49)
FN:236,(anonymous_50)
FN:243,(anonymous_51)
FN:249,resetDBERC20SmartContracts
FN:250,(anonymous_53)
FN:252,(anonymous_54)
FN:254,(anonymous_55)
FN:257,(anonymous_56)
FN:259,(anonymous_57)
FN:264,emptyDB
FN:265,(anonymous_59)
FN:269,(anonymous_60)
FN:272,(anonymous_61)
FN:275,(anonymous_62)
FN:279,(anonymous_63)
FN:281,(anonymous_64)
FN:283,(anonymous_65)
FN:289,emptyDBTxHistory
FN:290,(anonymous_67)
FN:294,(anonymous_68)
FN:298,(anonymous_69)
FN:304,emptyDBERC20SmartContracts
FN:305,(anonymous_71)
FN:309,(anonymous_72)
FN:313,(anonymous_73)
FN:319,getTxHistory
FN:320,(anonymous_75)
FN:325,(anonymous_76)
FN:333,listPendingTx
FN:334,(anonymous_78)
FN:338,(anonymous_79)
FN:340,(anonymous_80)
FNF:81
FNH:32
FNDA:1,dbConnect
FNDA:1,(anonymous_1)
FNDA:0,(anonymous_2)
FNDA:1,(anonymous_3)
FNDA:0,dbConnectDisplayAccounts
FNDA:0,(anonymous_5)
FNDA:0,(anonymous_6)
FNDA:0,(anonymous_7)
FNDA:0,(anonymous_8)
FNDA:0,(anonymous_9)
FNDA:0,(anonymous_10)
FNDA:0,(anonymous_11)
FNDA:0,recentAccounts
FNDA:0,(anonymous_13)
FNDA:0,(anonymous_14)
FNDA:0,(anonymous_15)
FNDA:0,(anonymous_16)
FNDA:0,(anonymous_17)
FNDA:0,(anonymous_18)
FNDA:0,(anonymous_19)
FNDA:0,contractsToMonitor
FNDA:0,(anonymous_21)
FNDA:0,(anonymous_22)
FNDA:0,(anonymous_23)
FNDA:0,(anonymous_24)
FNDA:0,(anonymous_25)
FNDA:0,(anonymous_26)
FNDA:0,(anonymous_27)
FNDA:0,initDB
FNDA:0,(anonymous_29)
FNDA:0,(anonymous_30)
FNDA:0,(anonymous_31)
FNDA:0,(anonymous_32)
FNDA:0,(anonymous_33)
FNDA:2,initDBTxHistory
FNDA:2,(anonymous_35)
FNDA:2,(anonymous_36)
FNDA:1,(anonymous_37)
FNDA:0,(anonymous_38)
FNDA:0,(anonymous_39)
FNDA:1,resetDBTxHistory
FNDA:1,(anonymous_41)
FNDA:1,(anonymous_42)
FNDA:1,(anonymous_43)
FNDA:0,(anonymous_44)
FNDA:0,(anonymous_45)
FNDA:2,initDBERC20SmartContracts
FNDA:2,(anonymous_47)
FNDA:2,(anonymous_48)
FNDA:1,(anonymous_49)
FNDA:0,(anonymous_50)
FNDA:0,(anonymous_51)
FNDA:1,resetDBERC20SmartContracts
FNDA:1,(anonymous_53)
FNDA:1,(anonymous_54)
FNDA:1,(anonymous_55)
FNDA:0,(anonymous_56)
FNDA:0,(anonymous_57)
FNDA:0,emptyDB
FNDA:0,(anonymous_59)
FNDA:0,(anonymous_60)
FNDA:0,(anonymous_61)
FNDA:0,(anonymous_62)
FNDA:0,(anonymous_63)
FNDA:0,(anonymous_64)
FNDA:0,(anonymous_65)
FNDA:1,emptyDBTxHistory
FNDA:1,(anonymous_67)
FNDA:1,(anonymous_68)
FNDA:0,(anonymous_69)
FNDA:1,emptyDBERC20SmartContracts
FNDA:1,(anonymous_71)
FNDA:1,(anonymous_72)
FNDA:0,(anonymous_73)
FNDA:1,getTxHistory
FNDA:1,(anonymous_75)
FNDA:1,(anonymous_76)
FNDA:2,listPendingTx
FNDA:2,(anonymous_78)
FNDA:2,(anonymous_79)
FNDA:6,(anonymous_80)
DA:1,9
DA:2,9
DA:3,9
DA:4,9
DA:6,9
DA:7,9
DA:8,9
DA:9,9
DA:10,9
DA:11,9
DA:15,1
DA:16,1
DA:18,1
DA:19,0
DA:20,0
DA:23,1
DA:24,1
DA:25,1
DA:26,1
DA:27,1
DA:32,1
DA:33,1
DA:34,1
DA:37,1
DA:38,0
DA:41,9
DA:44,0
DA:45,0
DA:46,0
DA:49,0
DA:51,0
DA:53,0
DA:55,0
DA:57,0
DA:59,0
DA:60,0
DA:63,9
DA:70,0
DA:71,0
DA:72,0
DA:73,0
DA:75,0
DA:77,0
DA:78,0
DA:80,0
DA:82,0
DA:84,0
DA:86,0
DA:88,0
DA:89,0
DA:90,0
DA:91,0
DA:93,0
DA:95,0
DA:97,0
DA:100,0
DA:102,0
DA:104,0
DA:106,0
DA:109,9
DA:115,0
DA:117,0
DA:118,0
DA:120,0
DA:122,0
DA:124,0
DA:126,0
DA:128,0
DA:130,0
DA:133,0
DA:135,0
DA:137,0
DA:141,9
DA:144,0
DA:145,0
DA:146,0
DA:147,0
DA:148,0
DA:149,0
DA:150,0
DA:151,0
DA:152,0
DA:154,0
DA:155,0
DA:161,0
DA:163,0
DA:164,0
DA:166,0
DA:167,0
DA:169,0
DA:170,0
DA:172,0
DA:173,0
DA:174,0
DA:176,0
DA:179,9
DA:182,2
DA:183,2
DA:184,2
DA:185,2
DA:186,2
DA:188,2
DA:189,1
DA:191,1
DA:192,1
DA:193,1
DA:194,0
DA:196,1
DA:197,1
DA:198,1
DA:201,0
DA:202,0
DA:205,9
DA:208,1
DA:209,1
DA:211,1
DA:213,1
DA:215,0
DA:217,0
DA:220,9
DA:223,2
DA:224,2
DA:225,2
DA:226,2
DA:227,2
DA:229,2
DA:230,1
DA:232,1
DA:233,1
DA:234,1
DA:236,0
DA:238,1
DA:239,1
DA:240,1
DA:243,0
DA:244,0
DA:247,9
DA:250,1
DA:251,1
DA:253,1
DA:255,1
DA:257,0
DA:259,0
DA:262,9
DA:265,0
DA:266,0
DA:267,0
DA:268,0
DA:270,0
DA:271,0
DA:273,0
DA:274,0
DA:276,0
DA:277,0
DA:279,0
DA:281,0
DA:283,0
DA:284,0
DA:287,9
DA:290,1
DA:291,1
DA:292,1
DA:293,1
DA:295,1
DA:296,1
DA:298,0
DA:299,0
DA:302,9
DA:305,1
DA:306,1
DA:307,1
DA:308,1
DA:310,1
DA:311,1
DA:313,0
DA:314,0
DA:317,9
DA:320,1
DA:321,1
DA:322,1
DA:323,1
DA:324,1
DA:326,1
DA:328,0
DA:331,9
DA:334,2
DA:335,2
DA:336,2
DA:337,2
DA:339,2
DA:340,2
DA:341,6
DA:349,3
DA:352,2
DA:354,0
DA:357,9
LF:196
LH:97
BRDA:14,0,0,0
BRDA:43,1,0,0
BRDA:68,2,0,0
BRDA:72,3,0,0
BRDA:72,3,1,0
BRDA:73,4,0,0
BRDA:73,4,1,0
BRDA:73,5,0,0
BRDA:73,5,1,0
BRDA:77,6,0,0
BRDA:77,6,1,0
BRDA:89,7,0,0
BRDA:89,7,1,0
BRDA:113,8,0,0
BRDA:117,9,0,0
BRDA:117,9,1,0
BRDA:118,10,0,0
BRDA:118,10,1,0
BRDA:118,11,0,0
BRDA:118,11,1,0
BRDA:147,12,0,0
BRDA:147,12,1,0
BRDA:147,13,0,0
BRDA:147,13,1,0
BRDA:150,14,0,0
BRDA:150,14,1,0
BRDA:154,15,0,0
BRDA:154,15,1,0
BRDA:169,16,0,0
BRDA:169,16,1,0
BRDA:188,17,0,1
BRDA:188,17,1,1
BRDA:229,18,0,1
BRDA:229,18,1,1
BRDA:341,19,0,3
BRDA:341,19,1,3
BRDA:342,20,0,6
BRDA:342,20,1,3
BRDA:342,20,2,3
BRF:39
BRH:9
end_of_record
TN:
SF:/Users/max/dev/Pillar/BCX/bcx-pubsub/pillar-bcx-pubsub/src/services/gethConnect.js
FN:11,gethConnectDisplay
FN:12,(anonymous_1)
FN:14,(anonymous_2)
FN:16,(anonymous_3)
FN:25,(anonymous_4)
FN:27,(anonymous_5)
FN:35,setWeb3WebsocketConnection
FN:36,(anonymous_7)
FNF:8
FNH:0
FNDA:0,gethConnectDisplay
FNDA:0,(anonymous_1)
FNDA:0,(anonymous_2)
FNDA:0,(anonymous_3)
FNDA:0,(anonymous_4)
FNDA:0,(anonymous_5)
FNDA:0,setWeb3WebsocketConnection
FNDA:0,(anonymous_7)
DA:1,3
DA:2,3
DA:3,3
DA:4,3
DA:6,3
DA:12,0
DA:13,0
DA:15,0
DA:17,0
DA:18,0
DA:19,0
DA:21,0
DA:22,0
DA:25,0
DA:28,0
DA:29,0
DA:33,3
DA:36,0
DA:37,0
DA:38,0
DA:39,0
DA:40,0
DA:42,0
DA:43,0
DA:47,3
LF:25
LH:7
BRDA:17,0,0,0
BRDA:17,0,1,0
BRF:2
BRH:0
end_of_record
TN:
SF:/Users/max/dev/Pillar/BCX/bcx-pubsub/pillar-bcx-pubsub/src/services/gethSubscribe.js
FN:13,subscribePendingTx
FN:14,(anonymous_1)
FN:16,(anonymous_2)
FN:17,(anonymous_3)
FN:20,(anonymous_4)
FN:25,(anonymous_5)
FN:28,(anonymous_6)
FN:42,subscribeBlockHeaders
FN:43,(anonymous_8)
FN:45,(anonymous_9)
FN:46,(anonymous_10)
FN:51,(anonymous_11)
FN:53,(anonymous_12)
FN:56,(anonymous_13)
FN:58,(anonymous_14)
FN:61,(anonymous_15)
FN:76,subscribeAllDBERC20SmartContracts
FN:81,(anonymous_17)
FN:91,subscribeERC20SmartContract
FN:97,(anonymous_19)
FN:105,(anonymous_20)
FNF:21
FNH:12
FNDA:1,subscribePendingTx
FNDA:1,(anonymous_1)
FNDA:0,(anonymous_2)
FNDA:15,(anonymous_3)
FNDA:15,(anonymous_4)
FNDA:0,(anonymous_5)
FNDA:1,(anonymous_6)
FNDA:1,subscribeBlockHeaders
FNDA:1,(anonymous_8)
FNDA:0,(anonymous_9)
FNDA:3,(anonymous_10)
FNDA:3,(anonymous_11)
FNDA:3,(anonymous_12)
FNDA:0,(anonymous_13)
FNDA:0,(anonymous_14)
FNDA:1,(anonymous_15)
FNDA:1,subscribeAllDBERC20SmartContracts
FNDA:0,(anonymous_17)
FNDA:0,subscribeERC20SmartContract
FNDA:0,(anonymous_19)
FNDA:0,(anonymous_20)
DA:1,2
DA:2,2
DA:4,2
DA:6,2
DA:7,2
DA:8,2
DA:9,2
DA:10,2
DA:14,1
DA:15,1
DA:16,1
DA:18,15
DA:19,15
DA:21,15
DA:22,15
DA:25,0
DA:29,1
DA:30,1
DA:32,1
DA:34,0
DA:35,0
DA:38,1
DA:40,2
DA:43,1
DA:44,1
DA:45,1
DA:47,3
DA:48,3
DA:50,3
DA:52,3
DA:56,0
DA:58,0
DA:62,1
DA:63,1
DA:65,1
DA:67,0
DA:68,0
DA:71,1
DA:73,2
DA:77,1
DA:78,1
DA:79,1
DA:80,1
DA:81,1
DA:82,0
DA:84,1
DA:86,0
DA:89,2
DA:92,0
DA:93,0
DA:94,0
DA:96,0
DA:97,0
DA:98,0
DA:99,0
DA:101,0
DA:105,0
DA:106,0
DA:111,0
DA:114,2
LF:60
LH:40
BRDA:18,0,0,15
BRDA:18,0,1,0
BRDA:18,1,0,15
BRDA:18,1,1,15
BRDA:21,2,0,15
BRDA:21,2,1,0
BRDA:47,3,0,3
BRDA:47,3,1,0
BRDA:47,4,0,3
BRDA:47,4,1,3
BRDA:47,4,2,3
BRDA:93,5,0,0
BRDA:93,5,1,0
BRDA:94,6,0,0
BRDA:94,6,1,0
BRDA:98,7,0,0
BRDA:98,7,1,0
BRF:17
BRH:8
end_of_record
TN:
SF:/Users/max/dev/Pillar/BCX/bcx-pubsub/pillar-bcx-pubsub/src/services/processTx.js
FN:11,processNewPendingTxArray
FN:12,(anonymous_1)
FN:18,(anonymous_2)
FN:23,(anonymous_3)
FN:30,newPendingTx
FN:31,(anonymous_5)
FN:43,(anonymous_6)
FN:49,(anonymous_7)
FN:279,(anonymous_8)
FN:335,(anonymous_9)
FN:397,(anonymous_10)
FN:453,(anonymous_11)
FN:581,(anonymous_12)
FN:585,(anonymous_13)
FN:594,checkPendingTx
FN:595,(anonymous_15)
FN:604,(anonymous_16)
FN:609,(anonymous_17)
FN:697,(anonymous_18)
FN:730,(anonymous_19)
FN:737,filterAddress
FN:739,(anonymous_21)
FN:743,(anonymous_22)
FN:762,(anonymous_23)
FN:772,(anonymous_24)
FN:790,(anonymous_25)
FN:795,(anonymous_26)
FN:834,checkTokenTransferEvent
FN:837,(anonymous_28)
FN:843,(anonymous_29)
FN:850,(anonymous_30)
FN:884,(anonymous_31)
FN:889,(anonymous_32)
FNF:33
FNH:22
FNDA:19,processNewPendingTxArray
FNDA:19,(anonymous_1)
FNDA:17,(anonymous_2)
FNDA:0,(anonymous_3)
FNDA:50,newPendingTx
FNDA:50,(anonymous_5)
FNDA:48,(anonymous_6)
FNDA:48,(anonymous_7)
FNDA:4,(anonymous_8)
FNDA:0,(anonymous_9)
FNDA:2,(anonymous_10)
FNDA:0,(anonymous_11)
FNDA:0,(anonymous_12)
FNDA:0,(anonymous_13)
FNDA:11,checkPendingTx
FNDA:11,(anonymous_15)
FNDA:5,(anonymous_16)
FNDA:3,(anonymous_17)
FNDA:0,(anonymous_18)
FNDA:0,(anonymous_19)
FNDA:61,filterAddress
FNDA:61,(anonymous_21)
FNDA:1,(anonymous_22)
FNDA:57,(anonymous_23)
FNDA:42,(anonymous_24)
FNDA:0,(anonymous_25)
FNDA:0,(anonymous_26)
FNDA:3,checkTokenTransferEvent
FNDA:3,(anonymous_28)
FNDA:3,(anonymous_29)
FNDA:2,(anonymous_30)
FNDA:0,(anonymous_31)
FNDA:0,(anonymous_32)
DA:1,4
DA:2,4
DA:3,4
DA:4,4
DA:5,4
DA:6,4
DA:7,4
DA:8,4
DA:9,4
DA:12,19
DA:13,19
DA:14,19
DA:15,2
DA:17,17
DA:19,17
DA:20,17
DA:21,17
DA:23,0
DA:25,0
DA:28,4
DA:31,50
DA:32,50
DA:39,50
DA:40,2
DA:42,48
DA:44,48
DA:45,48
DA:46,48
DA:47,48
DA:48,48
DA:50,48
DA:51,48
DA:52,48
DA:54,48
DA:55,4
DA:56,4
DA:58,2
DA:71,2
DA:73,2
DA:87,2
DA:104,4
DA:105,2
DA:107,1
DA:120,1
DA:122,1
DA:136,1
DA:152,2
DA:154,2
DA:156,4
DA:157,44
DA:158,14
DA:159,14
DA:160,14
DA:161,14
DA:162,14
DA:163,4
DA:165,4
DA:166,2
DA:168,1
DA:181,1
DA:183,1
DA:197,1
DA:213,2
DA:214,2
DA:216,2
DA:221,10
DA:222,10
DA:223,6
DA:225,6
DA:226,4
DA:228,4
DA:231,4
DA:233,2
DA:246,2
DA:248,2
DA:262,2
DA:278,4
DA:280,4
DA:281,4
DA:282,2
DA:284,1
DA:297,1
DA:299,1
DA:313,1
DA:329,2
DA:331,2
DA:333,4
DA:336,0
DA:341,2
DA:343,1
DA:356,1
DA:358,1
DA:372,1
DA:388,2
DA:390,4
DA:392,2
DA:394,2
DA:396,2
DA:398,2
DA:399,2
DA:400,2
DA:402,1
DA:415,1
DA:417,1
DA:431,1
DA:447,2
DA:448,2
DA:450,0
DA:454,0
DA:459,2
DA:462,0
DA:466,0
DA:467,0
DA:469,0
DA:482,0
DA:484,0
DA:498,0
DA:514,0
DA:515,0
DA:521,0
DA:523,30
DA:526,16
DA:527,16
DA:529,1
DA:542,1
DA:544,1
DA:558,15
DA:574,16
DA:575,16
DA:578,14
DA:582,0
DA:586,0
DA:591,4
DA:595,11
DA:596,11
DA:597,5
DA:599,6
DA:600,6
DA:601,6
DA:603,6
DA:605,5
DA:606,4
DA:607,3
DA:608,3
DA:610,3
DA:611,2
DA:612,1
DA:613,1
DA:614,1
DA:615,1
DA:616,1
DA:617,1
DA:619,1
DA:626,1
DA:629,0
DA:636,1
DA:637,1
DA:638,1
DA:640,0
DA:643,1
DA:644,1
DA:645,1
DA:646,1
DA:648,1
DA:655,1
DA:658,0
DA:665,1
DA:666,1
DA:667,1
DA:670,1
DA:671,1
DA:672,1
DA:673,1
DA:675,1
DA:682,1
DA:685,0
DA:692,1
DA:693,1
DA:694,1
DA:697,0
DA:699,1
DA:700,1
DA:703,1
DA:704,1
DA:705,1
DA:706,1
DA:708,1
DA:715,1
DA:718,0
DA:725,1
DA:726,1
DA:727,1
DA:730,0
DA:734,4
DA:739,61
DA:740,61
DA:741,61
DA:742,1
DA:744,1
DA:745,1
DA:752,0
DA:760,60
DA:761,57
DA:763,57
DA:764,15
DA:771,42
DA:773,42
DA:774,1
DA:775,1
DA:782,41
DA:791,0
DA:796,0
DA:798,3
DA:799,1
DA:800,1
DA:806,2
DA:807,1
DA:814,1
DA:822,0
DA:831,4
DA:837,3
DA:838,3
DA:839,3
DA:840,3
DA:841,3
DA:844,3
DA:846,2
DA:847,2
DA:851,2
DA:855,1
DA:856,1
DA:857,1
DA:858,1
DA:859,1
DA:862,1
DA:878,1
DA:879,1
DA:881,1
DA:884,0
DA:886,1
DA:889,0
DA:890,0
DA:893,4
LF:243
LH:212
BRDA:11,0,0,1
BRDA:11,1,0,2
BRDA:14,2,0,2
BRDA:14,2,1,17
BRDA:19,3,0,7
BRDA:19,3,1,10
BRDA:30,4,0,0
BRDA:30,5,0,21
BRDA:39,6,0,2
BRDA:39,6,1,48
BRDA:54,7,0,4
BRDA:54,7,1,44
BRDA:56,8,0,2
BRDA:56,8,1,2
BRDA:104,9,0,2
BRDA:104,9,1,2
BRDA:105,10,0,1
BRDA:105,10,1,1
BRDA:157,11,0,14
BRDA:157,11,1,30
BRDA:161,12,0,14
BRDA:161,12,1,0
BRDA:162,13,0,4
BRDA:162,13,1,10
BRDA:165,14,0,2
BRDA:165,14,1,2
BRDA:166,15,0,1
BRDA:166,15,1,1
BRDA:222,16,0,6
BRDA:222,16,1,4
BRDA:225,17,0,4
BRDA:225,17,1,2
BRDA:231,18,0,2
BRDA:231,18,1,2
BRDA:281,19,0,2
BRDA:281,19,1,2
BRDA:282,20,0,1
BRDA:282,20,1,1
BRDA:341,21,0,1
BRDA:341,21,1,1
BRDA:390,22,0,2
BRDA:390,22,1,2
BRDA:399,23,0,2
BRDA:399,23,1,0
BRDA:400,24,0,1
BRDA:400,24,1,1
BRDA:462,25,0,0
BRDA:462,25,1,0
BRDA:467,26,0,0
BRDA:467,26,1,0
BRDA:523,27,0,16
BRDA:523,27,1,14
BRDA:527,28,0,1
BRDA:527,28,1,15
BRDA:594,29,0,5
BRDA:596,30,0,5
BRDA:596,30,1,6
BRDA:605,31,0,4
BRDA:605,31,1,1
BRDA:606,32,0,3
BRDA:606,32,1,1
BRDA:610,33,0,2
BRDA:610,33,1,1
BRDA:611,34,0,1
BRDA:611,34,1,1
BRDA:613,35,0,1
BRDA:613,35,1,0
BRDA:617,36,0,1
BRDA:617,36,1,0
BRDA:646,37,0,1
BRDA:646,37,1,0
BRDA:673,38,0,1
BRDA:673,38,1,0
BRDA:706,39,0,1
BRDA:706,39,1,0
BRDA:737,40,0,6
BRDA:741,41,0,1
BRDA:741,41,1,60
BRDA:741,42,0,61
BRDA:741,42,1,1
BRDA:744,43,0,1
BRDA:744,43,1,0
BRDA:760,44,0,57
BRDA:760,44,1,3
BRDA:763,45,0,15
BRDA:763,45,1,42
BRDA:773,46,0,1
BRDA:773,46,1,41
BRDA:798,47,0,1
BRDA:798,47,1,2
BRDA:806,48,0,1
BRDA:806,48,1,1
BRDA:844,49,0,2
BRDA:844,49,1,1
BRDA:851,50,0,1
BRDA:851,50,1,1
BRF:96
BRH:83
end_of_record
TN:
SF:/Users/max/dev/Pillar/BCX/bcx-pubsub/pillar-bcx-pubsub/src/services/rmqServices.js
FN:22,(anonymous_0)
FN:23,(anonymous_1)
FN:26,(anonymous_2)
FN:27,(anonymous_3)
FN:47,(anonymous_4)
FN:53,(anonymous_5)
FN:57,(anonymous_6)
FN:65,(anonymous_7)
FN:69,(anonymous_8)
FN:76,(anonymous_9)
FN:79,(anonymous_10)
FN:93,(anonymous_11)
FN:99,(anonymous_12)
FN:116,(anonymous_13)
FNF:14
FNH:1
FNDA:0,(anonymous_0)
FNDA:0,(anonymous_1)
FNDA:0,(anonymous_2)
FNDA:0,(anonymous_3)
FNDA:0,(anonymous_4)
FNDA:0,(anonymous_5)
FNDA:0,(anonymous_6)
FNDA:0,(anonymous_7)
FNDA:0,(anonymous_8)
FNDA:0,(anonymous_9)
FNDA:0,(anonymous_10)
FNDA:0,(anonymous_11)
FNDA:0,(anonymous_12)
FNDA:2,(anonymous_13)
DA:1,6
DA:2,6
DA:3,6
DA:4,6
DA:5,6
DA:8,6
DA:9,6
DA:11,6
DA:15,6
DA:18,6
DA:20,6
DA:22,6
DA:23,0
DA:24,0
DA:25,0
DA:26,0
DA:27,0
DA:28,0
DA:29,0
DA:30,0
DA:32,0
DA:33,0
DA:34,0
DA:39,0
DA:40,0
DA:42,0
DA:47,6
DA:48,0
DA:49,0
DA:50,0
DA:53,6
DA:54,0
DA:56,0
DA:57,0
DA:58,0
DA:59,0
DA:60,0
DA:62,0
DA:63,0
DA:65,0
DA:66,0
DA:67,0
DA:69,0
DA:70,0
DA:71,0
DA:74,0
DA:76,0
DA:77,0
DA:78,0
DA:79,0
DA:80,0
DA:81,0
DA:82,0
DA:83,0
DA:84,0
DA:85,0
DA:86,0
DA:88,0
DA:89,0
DA:90,0
DA:92,0
DA:94,0
DA:96,0
DA:98,0
DA:100,0
DA:102,0
DA:109,0
DA:110,0
DA:112,0
DA:116,6
DA:117,2
DA:118,2
DA:119,2
DA:120,1
DA:122,1
LF:75
LH:20
BRDA:58,0,0,0
BRDA:58,0,1,0
BRDA:62,1,0,0
BRDA:62,1,1,0
BRDA:81,2,0,0
BRDA:81,2,1,0
BRDA:81,3,0,0
BRDA:81,3,1,0
BRDA:86,4,0,0
BRDA:86,4,1,0
BRDA:119,5,0,1
BRDA:119,5,1,1
BRF:12
BRH:2
end_of_record
TN:
SF:/Users/max/dev/Pillar/BCX/bcx-pubsub/pillar-bcx-pubsub/src/utils/hashMaps.js
FNF:0
FNH:0
DA:1,4
DA:3,4
DA:4,4
DA:5,4
LF:4
LH:4
BRF:0
BRH:0
end_of_record
TN:
SF:/Users/max/dev/Pillar/BCX/bcx-pubsub/pillar-bcx-pubsub/src/utils/logger.js
FN:15,(anonymous_0)
FNF:1
FNH:1
FNDA:130,(anonymous_0)
DA:1,17
DA:2,17
DA:3,17
DA:4,17
DA:6,17
DA:13,17
DA:15,17
DA:16,130
DA:17,130
DA:20,17
DA:40,17
LF:11
LH:11
BRF:0
BRH:0
end_of_record
